<?xml version="1.0" encoding="UTF-8"?>
<!-- Generated by org.testng.reporters.JUnitXMLReporter -->
<testsuite ignored="0" hostname="Muras-MB-Pro.local" failures="4" tests="16" name="FirefoxSuite" time="405.37" errors="0" timestamp="2025-03-31T10:26:45 PDT">
  <testcase classname="com.Automation.Tests.NavigationTest" name="userDropdown" time="0.004">
    <failure type="java.lang.Error" message="Unresolved compilation problem: 
	The method assertEquals(String, String, String) in the type AssertJUnit is not applicable for the arguments (List&amp;lt;String&amp;gt;, List&amp;lt;String&amp;gt;, String)
">
      <![CDATA[java.lang.Error: Unresolved compilation problem: 
The method assertEquals(String, String, String) in the type AssertJUnit is not applicable for the arguments (List<String>, List<String>, String)

at com.Automation.Tests.NavigationTest.userDropdown(NavigationTest.java:33)
at java.base/java.util.ArrayList.forEach(ArrayList.java:1596)
... Removed 25 stack frames]]>
    </failure>
  </testcase> <!-- userDropdown -->
  <testcase classname="com.Automation.Tests.MyProfileTest" name="aboutTabTest" time="59.48"/>
  <testcase classname="com.Automation.Tests.MyProfileTest" name="editIframeTest" time="49.212"/>
  <testcase classname="com.Automation.Tests.MyProfileTest" name="postLinkTest" time="51.463">
    <failure type="org.openqa.selenium.NoSuchElementException" message="Unable to locate element: //body[@role=&amp;quot;textbox&amp;quot;]
For documentation on this error, please visit: https://www.seleniumhq.org/exceptions/no_such_element.html
Build info: version: &amp;apos;3.141.59&amp;apos;, revision: &amp;apos;e82be7d358&amp;apos;, time: &amp;apos;2018-11-14T08:17:03&amp;apos;
System info: host: &amp;apos;Muras-MB-Pro.local&amp;apos;, ip: &amp;apos;2601:646:8981:c560:6179:7afc:fe97:7431%en0&amp;apos;, os.name: &amp;apos;Mac OS X&amp;apos;, os.arch: &amp;apos;aarch64&amp;apos;, os.version: &amp;apos;14.6.1&amp;apos;, java.version: &amp;apos;21.0.5&amp;apos;
Driver info: org.openqa.selenium.firefox.FirefoxDriver
Capabilities {acceptInsecureCerts: true, browserName: firefox, browserVersion: 136.0.3, javascriptEnabled: true, moz:accessibilityChecks: false, moz:buildID: 20250324135651, moz:geckodriverVersion: 0.36.0, moz:headless: false, moz:platformVersion: 23.6.0, moz:processID: 12147, moz:profile: /var/folders/1c/cj98x4bx77s..., moz:shutdownTimeout: 60000, moz:webdriverClick: true, moz:windowless: false, pageLoadStrategy: normal, platform: MAC, platformName: MAC, proxy: Proxy(), setWindowRect: true, strictFileInteractability: false, timeouts: {implicit: 0, pageLoad: 300000, script: 30000}, unhandledPromptBehavior: dismiss and notify, userAgent: Mozilla/5.0 (Macintosh; Int...}
Session ID: f2779f46-0cae-4c63-8d40-00b1a724a6d3
*** Element info: {Using=xpath, value=//body[@role=&amp;quot;textbox&amp;quot;]}">
      <![CDATA[org.openqa.selenium.NoSuchElementException: Unable to locate element: //body[@role="textbox"]
For documentation on this error, please visit: https://www.seleniumhq.org/exceptions/no_such_element.html
Build info: version: '3.141.59', revision: 'e82be7d358', time: '2018-11-14T08:17:03'
System info: host: 'Muras-MB-Pro.local', ip: '2601:646:8981:c560:6179:7afc:fe97:7431%en0', os.name: 'Mac OS X', os.arch: 'aarch64', os.version: '14.6.1', java.version: '21.0.5'
Driver info: org.openqa.selenium.firefox.FirefoxDriver
Capabilities {acceptInsecureCerts: true, browserName: firefox, browserVersion: 136.0.3, javascriptEnabled: true, moz:accessibilityChecks: false, moz:buildID: 20250324135651, moz:geckodriverVersion: 0.36.0, moz:headless: false, moz:platformVersion: 23.6.0, moz:processID: 12147, moz:profile: /var/folders/1c/cj98x4bx77s..., moz:shutdownTimeout: 60000, moz:webdriverClick: true, moz:windowless: false, pageLoadStrategy: normal, platform: MAC, platformName: MAC, proxy: Proxy(), setWindowRect: true, strictFileInteractability: false, timeouts: {implicit: 0, pageLoad: 300000, script: 30000}, unhandledPromptBehavior: dismiss and notify, userAgent: Mozilla/5.0 (Macintosh; Int...}
Session ID: f2779f46-0cae-4c63-8d40-00b1a724a6d3
*** Element info: {Using=xpath, value=//body[@role="textbox"]}
at org.openqa.selenium.remote.http.W3CHttpResponseCodec.createException(W3CHttpResponseCodec.java:187)
at org.openqa.selenium.remote.http.W3CHttpResponseCodec.decode(W3CHttpResponseCodec.java:122)
at org.openqa.selenium.remote.http.W3CHttpResponseCodec.decode(W3CHttpResponseCodec.java:49)
at org.openqa.selenium.remote.HttpCommandExecutor.execute(HttpCommandExecutor.java:158)
at org.openqa.selenium.remote.service.DriverCommandExecutor.execute(DriverCommandExecutor.java:83)
at org.openqa.selenium.remote.RemoteWebDriver.execute(RemoteWebDriver.java:552)
at org.openqa.selenium.remote.RemoteWebDriver.findElement(RemoteWebDriver.java:323)
at org.openqa.selenium.remote.RemoteWebDriver.findElementByXPath(RemoteWebDriver.java:428)
at org.openqa.selenium.By$ByXPath.findElement(By.java:353)
at org.openqa.selenium.remote.RemoteWebDriver.findElement(RemoteWebDriver.java:315)
at com.Automation.Tests.MyProfileTest.postLinkTest(MyProfileTest.java:85)
at java.base/java.util.ArrayList.forEach(ArrayList.java:1596)
... Removed 28 stack frames]]>
    </failure>
  </testcase> <!-- postLinkTest -->
  <testcase classname="com.Automation.Tests.MyProfileTest" name="profilePageTest" time="15.097"/>
  <testcase classname="com.Automation.Tests.MyProfileTest" name="uploadFile" time="20.924">
    <failure type="org.openqa.selenium.ElementNotInteractableException" message="Element &amp;lt;a id=&amp;quot;chatterUploadFileAction&amp;quot; href=&amp;quot;javascript:&amp;quot;&amp;gt; could not be scrolled into view
Build info: version: &amp;apos;3.141.59&amp;apos;, revision: &amp;apos;e82be7d358&amp;apos;, time: &amp;apos;2018-11-14T08:17:03&amp;apos;
System info: host: &amp;apos;Muras-MB-Pro.local&amp;apos;, ip: &amp;apos;2601:646:8981:c560:6179:7afc:fe97:7431%en0&amp;apos;, os.name: &amp;apos;Mac OS X&amp;apos;, os.arch: &amp;apos;aarch64&amp;apos;, os.version: &amp;apos;14.6.1&amp;apos;, java.version: &amp;apos;21.0.5&amp;apos;
Driver info: org.openqa.selenium.firefox.FirefoxDriver
Capabilities {acceptInsecureCerts: true, browserName: firefox, browserVersion: 136.0.3, javascriptEnabled: true, moz:accessibilityChecks: false, moz:buildID: 20250324135651, moz:geckodriverVersion: 0.36.0, moz:headless: false, moz:platformVersion: 23.6.0, moz:processID: 12216, moz:profile: /var/folders/1c/cj98x4bx77s..., moz:shutdownTimeout: 60000, moz:webdriverClick: true, moz:windowless: false, pageLoadStrategy: normal, platform: MAC, platformName: MAC, proxy: Proxy(), setWindowRect: true, strictFileInteractability: false, timeouts: {implicit: 0, pageLoad: 300000, script: 30000}, unhandledPromptBehavior: dismiss and notify, userAgent: Mozilla/5.0 (Macintosh; Int...}
Session ID: 55c0369f-1b66-4022-a4f2-55d74eca8da1">
      <![CDATA[org.openqa.selenium.ElementNotInteractableException: Element <a id="chatterUploadFileAction" href="javascript:"> could not be scrolled into view
Build info: version: '3.141.59', revision: 'e82be7d358', time: '2018-11-14T08:17:03'
System info: host: 'Muras-MB-Pro.local', ip: '2601:646:8981:c560:6179:7afc:fe97:7431%en0', os.name: 'Mac OS X', os.arch: 'aarch64', os.version: '14.6.1', java.version: '21.0.5'
Driver info: org.openqa.selenium.firefox.FirefoxDriver
Capabilities {acceptInsecureCerts: true, browserName: firefox, browserVersion: 136.0.3, javascriptEnabled: true, moz:accessibilityChecks: false, moz:buildID: 20250324135651, moz:geckodriverVersion: 0.36.0, moz:headless: false, moz:platformVersion: 23.6.0, moz:processID: 12216, moz:profile: /var/folders/1c/cj98x4bx77s..., moz:shutdownTimeout: 60000, moz:webdriverClick: true, moz:windowless: false, pageLoadStrategy: normal, platform: MAC, platformName: MAC, proxy: Proxy(), setWindowRect: true, strictFileInteractability: false, timeouts: {implicit: 0, pageLoad: 300000, script: 30000}, unhandledPromptBehavior: dismiss and notify, userAgent: Mozilla/5.0 (Macintosh; Int...}
Session ID: 55c0369f-1b66-4022-a4f2-55d74eca8da1
at org.openqa.selenium.remote.http.W3CHttpResponseCodec.createException(W3CHttpResponseCodec.java:187)
at org.openqa.selenium.remote.http.W3CHttpResponseCodec.decode(W3CHttpResponseCodec.java:122)
at org.openqa.selenium.remote.http.W3CHttpResponseCodec.decode(W3CHttpResponseCodec.java:49)
at org.openqa.selenium.remote.HttpCommandExecutor.execute(HttpCommandExecutor.java:158)
at org.openqa.selenium.remote.service.DriverCommandExecutor.execute(DriverCommandExecutor.java:83)
at org.openqa.selenium.remote.RemoteWebDriver.execute(RemoteWebDriver.java:552)
at org.openqa.selenium.remote.RemoteWebElement.execute(RemoteWebElement.java:285)
at org.openqa.selenium.remote.RemoteWebElement.click(RemoteWebElement.java:84)
at com.Automation.Base.BaseTest.clickElement(BaseTest.java:133)
at com.Automation.Tests.MyProfileTest.uploadFile(MyProfileTest.java:107)
at java.base/java.util.ArrayList.forEach(ArrayList.java:1596)
... Removed 28 stack frames]]>
    </failure>
  </testcase> <!-- uploadFile -->
  <testcase classname="com.Automation.Tests.LoginTest" name="invalidLoginTest" time="5.446"/>
  <testcase classname="com.Automation.Tests.LoginTest" name="invalidLoginTest" time="5.509"/>
  <testcase classname="com.Automation.Tests.LoginTest" name="invalidLoginTest" time="5.471"/>
  <testcase classname="com.Automation.Tests.LoginTest" name="invalidLoginTest" time="5.407"/>
  <testcase classname="com.Automation.Tests.LoginTest" name="invalidLoginTest" time="5.372"/>
  <testcase classname="com.Automation.Tests.LoginTest" name="invalidLoginTest" time="5.404"/>
  <testcase classname="com.Automation.Tests.LoginTest" name="invalidLoginTest" time="5.531"/>
  <testcase classname="com.Automation.Tests.LoginTest" name="invalidLoginTest" time="5.355"/>
  <testcase classname="com.Automation.Tests.LoginTest" name="invalidLoginTest" time="5.507"/>
  <testcase classname="com.Automation.Tests.LoginTest" name="validLoginTest" time="5.498">
    <failure type="java.lang.AssertionError" message="Valid login test passed! expected [true] but found [false]">
      <![CDATA[java.lang.AssertionError: Valid login test passed! expected [true] but found [false]
at com.Automation.Tests.LoginTest.validLoginTest(LoginTest.java:60)
at java.base/java.util.ArrayList.forEach(ArrayList.java:1596)
... Removed 28 stack frames]]>
    </failure>
  </testcase> <!-- validLoginTest -->
</testsuite> <!-- FirefoxSuite -->
