<?xml version="1.0" encoding="UTF-8"?>
<!-- Generated by org.testng.reporters.JUnitXMLReporter -->
<testsuite ignored="0" hostname="Muras-MB-Pro.local" failures="8" tests="16" name="FirefoxTest" time="81.15" errors="0" timestamp="2025-03-31T09:57:38 PDT">
  <testcase classname="com.Automation.Tests.NavigationTest" name="userDropdown" time="0.001">
    <failure type="java.lang.Error" message="Unresolved compilation problem: 
	The method assertEquals(String, String, String) in the type AssertJUnit is not applicable for the arguments (List&amp;lt;String&amp;gt;, List&amp;lt;String&amp;gt;, String)
">
      <![CDATA[java.lang.Error: Unresolved compilation problem: 
The method assertEquals(String, String, String) in the type AssertJUnit is not applicable for the arguments (List<String>, List<String>, String)

at com.Automation.Tests.NavigationTest.userDropdown(NavigationTest.java:33)
at java.base/java.util.ArrayList.forEach(ArrayList.java:1596)
... Removed 25 stack frames]]>
    </failure>
  </testcase> <!-- userDropdown -->
  <testcase classname="com.Automation.Tests.MyProfileTest" name="aboutTabTest" time="0.001">
    <failure type="java.lang.Error" message="Unresolved compilation problem: 
	The method assertTrue(String, boolean) in the type AssertJUnit is not applicable for the arguments (boolean, String)
">
      <![CDATA[java.lang.Error: Unresolved compilation problem: 
The method assertTrue(String, boolean) in the type AssertJUnit is not applicable for the arguments (boolean, String)

at com.Automation.Tests.MyProfileTest.profilePageTest(MyProfileTest.java:30)
at com.Automation.Tests.MyProfileTest.editIframeTest(MyProfileTest.java:38)
at com.Automation.Tests.MyProfileTest.aboutTabTest(MyProfileTest.java:56)
at java.base/java.util.ArrayList.forEach(ArrayList.java:1596)
... Removed 25 stack frames]]>
    </failure>
  </testcase> <!-- aboutTabTest -->
  <testcase classname="com.Automation.Tests.MyProfileTest" name="editIframeTest" time="0.001">
    <failure type="java.lang.Error" message="Unresolved compilation problem: 
	The method assertTrue(String, boolean) in the type AssertJUnit is not applicable for the arguments (boolean, String)
">
      <![CDATA[java.lang.Error: Unresolved compilation problem: 
The method assertTrue(String, boolean) in the type AssertJUnit is not applicable for the arguments (boolean, String)

at com.Automation.Tests.MyProfileTest.profilePageTest(MyProfileTest.java:30)
at com.Automation.Tests.MyProfileTest.editIframeTest(MyProfileTest.java:38)
at java.base/java.util.ArrayList.forEach(ArrayList.java:1596)
... Removed 25 stack frames]]>
    </failure>
  </testcase> <!-- editIframeTest -->
  <testcase classname="com.Automation.Tests.MyProfileTest" name="postLinkTest" time="0.003">
    <failure type="java.lang.Error" message="Unresolved compilation problem: 
	The method assertTrue(String, boolean) in the type AssertJUnit is not applicable for the arguments (boolean, String)
">
      <![CDATA[java.lang.Error: Unresolved compilation problem: 
The method assertTrue(String, boolean) in the type AssertJUnit is not applicable for the arguments (boolean, String)

at com.Automation.Tests.MyProfileTest.profilePageTest(MyProfileTest.java:30)
at com.Automation.Tests.MyProfileTest.postLinkTest(MyProfileTest.java:78)
at java.base/java.util.ArrayList.forEach(ArrayList.java:1596)
... Removed 25 stack frames]]>
    </failure>
  </testcase> <!-- postLinkTest -->
  <testcase classname="com.Automation.Tests.MyProfileTest" name="profilePageTest" time="0.001">
    <failure type="java.lang.Error" message="Unresolved compilation problem: 
	The method assertTrue(String, boolean) in the type AssertJUnit is not applicable for the arguments (boolean, String)
">
      <![CDATA[java.lang.Error: Unresolved compilation problem: 
The method assertTrue(String, boolean) in the type AssertJUnit is not applicable for the arguments (boolean, String)

at com.Automation.Tests.MyProfileTest.profilePageTest(MyProfileTest.java:30)
at java.base/java.util.ArrayList.forEach(ArrayList.java:1596)
... Removed 25 stack frames]]>
    </failure>
  </testcase> <!-- profilePageTest -->
  <testcase classname="com.Automation.Tests.MyProfileTest" name="uploadFile" time="0.001">
    <failure type="java.lang.Error" message="Unresolved compilation problem: 
	The method assertTrue(String, boolean) in the type AssertJUnit is not applicable for the arguments (boolean, String)
">
      <![CDATA[java.lang.Error: Unresolved compilation problem: 
The method assertTrue(String, boolean) in the type AssertJUnit is not applicable for the arguments (boolean, String)

at com.Automation.Tests.MyProfileTest.profilePageTest(MyProfileTest.java:30)
at com.Automation.Tests.MyProfileTest.uploadFile(MyProfileTest.java:103)
at java.base/java.util.ArrayList.forEach(ArrayList.java:1596)
... Removed 25 stack frames]]>
    </failure>
  </testcase> <!-- uploadFile -->
  <testcase classname="com.Automation.Tests.LoginTest" name="invalidLoginTest" time="0.002">
    <failure type="java.lang.Error" message="Unresolved compilation problem: 
	The method assertTrue(String, boolean) in the type AssertJUnit is not applicable for the arguments (boolean, String)
">
      <![CDATA[java.lang.Error: Unresolved compilation problem: 
The method assertTrue(String, boolean) in the type AssertJUnit is not applicable for the arguments (boolean, String)

at com.Automation.Tests.LoginTest.invalidLoginTest(LoginTest.java:65)
at java.base/java.util.ArrayList.forEach(ArrayList.java:1596)
... Removed 25 stack frames]]>
    </failure>
  </testcase> <!-- invalidLoginTest -->
  <testcase classname="com.Automation.Tests.LoginTest" name="invalidLoginTest" time="0.0">
    <failure type="java.lang.Error" message="Unresolved compilation problem: 
	The method assertTrue(String, boolean) in the type AssertJUnit is not applicable for the arguments (boolean, String)
">
      <![CDATA[java.lang.Error: Unresolved compilation problem: 
The method assertTrue(String, boolean) in the type AssertJUnit is not applicable for the arguments (boolean, String)

at com.Automation.Tests.LoginTest.invalidLoginTest(LoginTest.java:65)
at java.base/java.util.ArrayList.forEach(ArrayList.java:1596)
... Removed 25 stack frames]]>
    </failure>
  </testcase> <!-- invalidLoginTest -->
  <testcase classname="com.Automation.Tests.LoginTest" name="invalidLoginTest" time="0.0">
    <skipped/>
  </testcase> <!-- invalidLoginTest -->
  <testcase classname="com.Automation.Tests.LoginTest" name="invalidLoginTest" time="0.0">
    <skipped/>
  </testcase> <!-- invalidLoginTest -->
  <testcase classname="com.Automation.Tests.LoginTest" name="invalidLoginTest" time="0.0">
    <skipped/>
  </testcase> <!-- invalidLoginTest -->
  <testcase classname="com.Automation.Tests.LoginTest" name="invalidLoginTest" time="0.001">
    <skipped/>
  </testcase> <!-- invalidLoginTest -->
  <testcase classname="com.Automation.Tests.LoginTest" name="invalidLoginTest" time="0.0">
    <skipped/>
  </testcase> <!-- invalidLoginTest -->
  <testcase classname="com.Automation.Tests.LoginTest" name="invalidLoginTest" time="0.0">
    <skipped/>
  </testcase> <!-- invalidLoginTest -->
  <testcase classname="com.Automation.Tests.LoginTest" name="invalidLoginTest" time="0.0">
    <skipped/>
  </testcase> <!-- invalidLoginTest -->
  <testcase classname="com.Automation.Tests.LoginTest" name="validLoginTest" time="0.0">
    <skipped/>
  </testcase> <!-- validLoginTest -->
</testsuite> <!-- FirefoxTest -->
